# JRE version: OpenJDK Runtime Environment (21.0.10) (build 21.0.10+-14961533-b1163.108)
# Java VM: OpenJDK 64-Bit Server VM (21.0.10+-14961533-b1163.108, mixed mode, tiered, compressed oops, compressed class ptrs, g1 gc, windows-amd64)
GC Precious Log:
 CardTable entry size: 512
 Card Set container configuration: InlinePtr #cards 4 size 8 Array Of Cards #cards 16 size 48 Howl #buckets 8 coarsen threshold 3686 Howl Bitmap #cards 512 size 80 coarsen threshold 460 Card regions per heap region 1 cards per card region 4096
 CPUs: 6 total, 6 available
 Memory: 16291M
 Large Page Support: Disabled
 NUMA Support: Disabled
 Compressed Oops: Enabled (Zero based)
 Heap Region Size: 2M
 Heap Min Capacity: 8M
 Heap Initial Capacity: 256M
 Heap Max Capacity: 4074M
 Pre-touch: Disabled
 Parallel Workers: 6
 Concurrent Workers: 2
 Concurrent Refinement Workers: 6
 Periodic GC: Disabled
Heap:
 garbage-first heap   total 294912K, used 218610K [0x0000000701600000, 0x0000000800000000)
  region size 2048K, 21 young (43008K), 2 survivors (4096K)
 Metaspace       used 59743K, committed 60416K, reserved 1114112K
  class space    used 7067K, committed 7424K, reserved 1048576K
GC Heap History (20 events):
Event: 4.827 GC heap before
{Heap before GC invocations=16 (full 0):
 garbage-first heap   total 147456K, used 109434K [0x0000000701600000, 0x0000000800000000)
  region size 2048K, 14 young (28672K), 3 survivors (6144K)
 Metaspace       used 44174K, committed 44928K, reserved 1114112K
  class space    used 5341K, committed 5696K, reserved 1048576K
}
Event: 4.835 GC heap after
{Heap after GC invocations=17 (full 0):
 garbage-first heap   total 147456K, used 92900K [0x0000000701600000, 0x0000000800000000)
  region size 2048K, 2 young (4096K), 2 survivors (4096K)
 Metaspace       used 44174K, committed 44928K, reserved 1114112K
  class space    used 5341K, committed 5696K, reserved 1048576K
}
Event: 5.352 GC heap before
{Heap before GC invocations=17 (full 0):
 garbage-first heap   total 147456K, used 119524K [0x0000000701600000, 0x0000000800000000)
  region size 2048K, 16 young (32768K), 2 survivors (4096K)
 Metaspace       used 46069K, committed 46720K, reserved 1114112K
  class space    used 5586K, committed 5888K, reserved 1048576K
}
Event: 5.359 GC heap after
{Heap after GC invocations=18 (full 0):
 garbage-first heap   total 147456K, used 94726K [0x0000000701600000, 0x0000000800000000)
  region size 2048K, 1 young (2048K), 1 survivors (2048K)
 Metaspace       used 46069K, committed 46720K, reserved 1114112K
  class space    used 5586K, committed 5888K, reserved 1048576K
}
Event: 5.413 GC heap before
{Heap before GC invocations=18 (full 0):
 garbage-first heap   total 147456K, used 98822K [0x0000000701600000, 0x0000000800000000)
  region size 2048K, 4 young (8192K), 1 survivors (2048K)
 Metaspace       used 47143K, committed 47808K, reserved 1114112K
  class space    used 5721K, committed 6016K, reserved 1048576K
}
Event: 5.415 GC heap after
{Heap after GC invocations=19 (full 0):
 garbage-first heap   total 206848K, used 94885K [0x0000000701600000, 0x0000000800000000)
  region size 2048K, 2 young (4096K), 2 survivors (4096K)
 Metaspace       used 47143K, committed 47808K, reserved 1114112K
  class space    used 5721K, committed 6016K, reserved 1048576K
}
Event: 6.249 GC heap before
{Heap before GC invocations=20 (full 0):
 garbage-first heap   total 206848K, used 164517K [0x0000000701600000, 0x0000000800000000)
  region size 2048K, 34 young (69632K), 2 survivors (4096K)
 Metaspace       used 51894K, committed 52544K, reserved 1114112K
  class space    used 6236K, committed 6528K, reserved 1048576K
}
Event: 6.255 GC heap after
{Heap after GC invocations=21 (full 0):
 garbage-first heap   total 206848K, used 105368K [0x0000000701600000, 0x0000000800000000)
  region size 2048K, 5 young (10240K), 5 survivors (10240K)
 Metaspace       used 51894K, committed 52544K, reserved 1114112K
  class space    used 6236K, committed 6528K, reserved 1048576K
}
Event: 7.226 GC heap before
{Heap before GC invocations=21 (full 0):
 garbage-first heap   total 206848K, used 168856K [0x0000000701600000, 0x0000000800000000)
  region size 2048K, 36 young (73728K), 5 survivors (10240K)
 Metaspace       used 54125K, committed 54784K, reserved 1114112K
  class space    used 6474K, committed 6784K, reserved 1048576K
}
Event: 7.243 GC heap after
{Heap after GC invocations=22 (full 0):
 garbage-first heap   total 206848K, used 115428K [0x0000000701600000, 0x0000000800000000)
  region size 2048K, 5 young (10240K), 5 survivors (10240K)
 Metaspace       used 54125K, committed 54784K, reserved 1114112K
  class space    used 6474K, committed 6784K, reserved 1048576K
}
Event: 7.906 GC heap before
{Heap before GC invocations=22 (full 0):
 garbage-first heap   total 206848K, used 174820K [0x0000000701600000, 0x0000000800000000)
  region size 2048K, 34 young (69632K), 5 survivors (10240K)
 Metaspace       used 54862K, committed 55552K, reserved 1114112K
  class space    used 6530K, committed 6848K, reserved 1048576K
}
Event: 7.927 GC heap after
{Heap after GC invocations=23 (full 0):
 garbage-first heap   total 206848K, used 128766K [0x0000000701600000, 0x0000000800000000)
  region size 2048K, 5 young (10240K), 5 survivors (10240K)
 Metaspace       used 54862K, committed 55552K, reserved 1114112K
  class space    used 6530K, committed 6848K, reserved 1048576K
}
Event: 8.483 GC heap before
{Heap before GC invocations=24 (full 0):
 garbage-first heap   total 215040K, used 190206K [0x0000000701600000, 0x0000000800000000)
  region size 2048K, 30 young (61440K), 5 survivors (10240K)
 Metaspace       used 55010K, committed 55680K, reserved 1114112K
  class space    used 6543K, committed 6848K, reserved 1048576K
}
Event: 8.501 GC heap after
{Heap after GC invocations=25 (full 0):
 garbage-first heap   total 215040K, used 151198K [0x0000000701600000, 0x0000000800000000)
  region size 2048K, 4 young (8192K), 4 survivors (8192K)
 Metaspace       used 55010K, committed 55680K, reserved 1114112K
  class space    used 6543K, committed 6848K, reserved 1048576K
}
Event: 9.262 GC heap before
{Heap before GC invocations=25 (full 0):
 garbage-first heap   total 215040K, used 192158K [0x0000000701600000, 0x0000000800000000)
  region size 2048K, 24 young (49152K), 4 survivors (8192K)
 Metaspace       used 55696K, committed 56384K, reserved 1114112K
  class space    used 6608K, committed 6912K, reserved 1048576K
}
Event: 9.278 GC heap after
{Heap after GC invocations=26 (full 0):
 garbage-first heap   total 217088K, used 165774K [0x0000000701600000, 0x0000000800000000)
  region size 2048K, 3 young (6144K), 3 survivors (6144K)
 Metaspace       used 55696K, committed 56384K, reserved 1114112K
  class space    used 6608K, committed 6912K, reserved 1048576K
}
Event: 9.813 GC heap before
{Heap before GC invocations=26 (full 0):
 garbage-first heap   total 217088K, used 196494K [0x0000000701600000, 0x0000000800000000)
  region size 2048K, 18 young (36864K), 3 survivors (6144K)
 Metaspace       used 55792K, committed 56448K, reserved 1114112K
  class space    used 6608K, committed 6912K, reserved 1048576K
}
Event: 9.824 GC heap after
{Heap after GC invocations=27 (full 0):
 garbage-first heap   total 217088K, used 177928K [0x0000000701600000, 0x0000000800000000)
  region size 2048K, 3 young (6144K), 3 survivors (6144K)
 Metaspace       used 55792K, committed 56448K, reserved 1114112K
  class space    used 6608K, committed 6912K, reserved 1048576K
}
Event: 10.249 GC heap before
{Heap before GC invocations=28 (full 0):
 garbage-first heap   total 294912K, used 196360K [0x0000000701600000, 0x0000000800000000)
  region size 2048K, 13 young (26624K), 3 survivors (6144K)
 Metaspace       used 58185K, committed 58880K, reserved 1114112K
  class space    used 6886K, committed 7232K, reserved 1048576K
}
Event: 10.258 GC heap after
{Heap after GC invocations=29 (full 0):
 garbage-first heap   total 294912K, used 181746K [0x0000000701600000, 0x0000000800000000)
  region size 2048K, 2 young (4096K), 2 survivors (4096K)
 Metaspace       used 58185K, committed 58880K, reserved 1114112K
  class space    used 6886K, committed 7232K, reserved 1048576K
}

